<?xml version="1.0" encoding="UTF-8"?>
<testng-results ignored="0" total="4" passed="3" failed="1" skipped="0">
  <reporter-output>
    <line>
      <![CDATA[disconnect data base]]>
    </line>
  </reporter-output>
  <suite started-at="2024-01-23T18:18:00 IST" name="Suite" finished-at="2024-01-23T18:18:31 IST" duration-ms="30919">
    <groups>
    </groups>
    <test started-at="2024-01-23T18:18:00 IST" name="Test" finished-at="2024-01-23T18:18:31 IST" duration-ms="30919">
      <class name="testScript.testcase1">
        <test-method is-config="true" signature="initializeExtentReport()[pri:0, instance:testScript.testcase1@1d296da]" started-at="2024-01-23T18:18:00 IST" name="initializeExtentReport" finished-at="2024-01-23T18:18:00 IST" duration-ms="616" status="PASS">
          <reporter-output>
          </reporter-output>
        </test-method> <!-- initializeExtentReport -->
        <test-method is-config="true" signature="connectDatabase(org.testng.ITestContext,java.lang.String)[pri:0, instance:testScript.testcase1@1d296da]" started-at="2024-01-23T18:18:00 IST" name="connectDatabase" finished-at="2024-01-23T18:18:05 IST" duration-ms="4700" status="PASS">
          <params>
            <param index="0">
              <value>
                <![CDATA[org.testng.TestRunner@79d7035]]>
              </value>
            </param>
            <param index="1">
              <value>
                <![CDATA[chrome]]>
              </value>
            </param>
          </params>
          <reporter-output>
          </reporter-output>
        </test-method> <!-- connectDatabase -->
        <test-method is-config="true" signature="openBrowser()[pri:0, instance:testScript.testcase1@1d296da]" started-at="2024-01-23T18:18:05 IST" name="openBrowser" finished-at="2024-01-23T18:18:05 IST" duration-ms="1" status="PASS">
          <reporter-output>
          </reporter-output>
        </test-method> <!-- openBrowser -->
        <test-method is-config="true" signature="methods()[pri:0, instance:testScript.testcase1@1d296da]" started-at="2024-01-23T18:18:05 IST" name="methods" finished-at="2024-01-23T18:18:05 IST" duration-ms="1" status="PASS">
          <reporter-output>
          </reporter-output>
        </test-method> <!-- methods -->
        <test-method signature="register()[pri:0, instance:testScript.testcase1@1d296da]" started-at="2024-01-23T18:18:05 IST" name="register" finished-at="2024-01-23T18:18:13 IST" duration-ms="8177" status="PASS">
          <reporter-output>
          </reporter-output>
        </test-method> <!-- register -->
        <test-method is-config="true" signature="checkstatus(java.lang.reflect.Method,org.testng.ITestResult)[pri:0, instance:testScript.testcase1@1d296da]" started-at="2024-01-23T18:18:13 IST" name="checkstatus" finished-at="2024-01-23T18:18:13 IST" duration-ms="1" status="PASS">
          <params>
            <param index="0">
              <value>
                <![CDATA[public void testScript.testcase1.register() throws java.lang.Exception]]>
              </value>
            </param>
            <param index="1">
              <value>
                <![CDATA[[TestResult name=register status=SUCCESS method=testcase1.register()[pri:0, instance:testScript.testcase1@1d296da] output={null}]]]>
              </value>
            </param>
          </params>
          <reporter-output>
          </reporter-output>
        </test-method> <!-- checkstatus -->
        <test-method signature="registerFields(java.lang.String,java.lang.String,java.lang.String,java.lang.String,java.lang.String,java.lang.String)[pri:0, instance:testScript.testcase1@1d296da]" started-at="2024-01-23T18:18:14 IST" name="registerFields" data-provider="excel" finished-at="2024-01-23T18:18:18 IST" duration-ms="3355" status="PASS">
          <params>
            <param index="0">
              <value>
                <![CDATA[female]]>
              </value>
            </param>
            <param index="1">
              <value>
                <![CDATA[sheela]]>
              </value>
            </param>
            <param index="2">
              <value>
                <![CDATA[smith]]>
              </value>
            </param>
            <param index="3">
              <value>
                <![CDATA[sheelasmith34@gmail.com]]>
              </value>
            </param>
            <param index="4">
              <value>
                <![CDATA[sheela]]>
              </value>
            </param>
            <param index="5">
              <value>
                <![CDATA[sheela]]>
              </value>
            </param>
          </params>
          <reporter-output>
          </reporter-output>
        </test-method> <!-- registerFields -->
        <test-method is-config="true" signature="methods()[pri:0, instance:testScript.testcase1@1d296da]" started-at="2024-01-23T18:18:14 IST" name="methods" finished-at="2024-01-23T18:18:14 IST" duration-ms="0" status="PASS">
          <reporter-output>
          </reporter-output>
        </test-method> <!-- methods -->
        <test-method is-config="true" signature="checkstatus(java.lang.reflect.Method,org.testng.ITestResult)[pri:0, instance:testScript.testcase1@1d296da]" started-at="2024-01-23T18:18:18 IST" name="checkstatus" finished-at="2024-01-23T18:18:18 IST" duration-ms="5" status="PASS">
          <params>
            <param index="0">
              <value>
                <![CDATA[public void testScript.testcase1.registerFields(java.lang.String,java.lang.String,java.lang.String,java.lang.String,java.lang.String,java.lang.String)]]>
              </value>
            </param>
            <param index="1">
              <value>
                <![CDATA[[TestResult name=registerFields status=SUCCESS method=testcase1.registerFields(java.lang.String,java.lang.String,java.lang.String,java.lang.String,java.lang.String,java.lang.String)[pri:0, instance:testScript.testcase1@1d296da] output={null}]]]>
              </value>
            </param>
          </params>
          <reporter-output>
          </reporter-output>
        </test-method> <!-- checkstatus -->
        <test-method is-config="true" signature="methods()[pri:0, instance:testScript.testcase1@1d296da]" started-at="2024-01-23T18:18:18 IST" name="methods" finished-at="2024-01-23T18:18:18 IST" duration-ms="1" status="PASS">
          <reporter-output>
          </reporter-output>
        </test-method> <!-- methods -->
        <test-method signature="registerFields(java.lang.String,java.lang.String,java.lang.String,java.lang.String,java.lang.String,java.lang.String)[pri:0, instance:testScript.testcase1@1d296da]" started-at="2024-01-23T18:18:18 IST" name="registerFields" data-provider="excel" finished-at="2024-01-23T18:18:24 IST" duration-ms="6487" status="FAIL">
          <params>
            <param index="0">
              <value>
                <![CDATA[male]]>
              </value>
            </param>
            <param index="1">
              <value>
                <![CDATA[prakash ]]>
              </value>
            </param>
            <param index="2">
              <value>
                <![CDATA[pinto]]>
              </value>
            </param>
            <param index="3">
              <value>
                <![CDATA[prakashpinto34@gmail.com]]>
              </value>
            </param>
            <param index="4">
              <value>
                <![CDATA[pinto ]]>
              </value>
            </param>
            <param index="5">
              <value>
                <![CDATA[pintoo]]>
              </value>
            </param>
          </params>
          <exception class="org.openqa.selenium.NoSuchElementException">
            <message>
              <![CDATA[no such element: Unable to locate element: {"method":"link text","selector":"prakashpinto34@gmail.com"}
  (Session info: chrome=120.0.6099.225)
For documentation on this error, please visit: https://www.selenium.dev/documentation/webdriver/troubleshooting/errors#no-such-element-exception
Build info: version: '4.12.0', revision: '249f2a7d1b*'
System info: os.name: 'Windows 10', os.arch: 'amd64', os.version: '10.0', java.version: '17.0.7'
Driver info: org.openqa.selenium.chrome.ChromeDriver
Command: [0fbd91b900df73db034e9ba7b1187158, findElement {using=link text, value=prakashpinto34@gmail.com}]
Capabilities {acceptInsecureCerts: false, browserName: chrome, browserVersion: 120.0.6099.225, chrome: {chromedriverVersion: 120.0.6099.109 (3419140ab66..., userDataDir: C:\Users\shrad\AppData\Loca...}, fedcm:accounts: true, goog:chromeOptions: {debuggerAddress: localhost:59808}, networkConnectionEnabled: false, pageLoadStrategy: normal, platformName: windows, proxy: Proxy(), se:cdp: ws://localhost:59808/devtoo..., se:cdpVersion: 120.0.6099.225, setWindowRect: true, strictFileInteractability: false, timeouts: {implicit: 0, pageLoad: 300000, script: 30000}, unhandledPromptBehavior: dismiss and notify, webauthn:extension:credBlob: true, webauthn:extension:largeBlob: true, webauthn:extension:minPinLength: true, webauthn:extension:prf: true, webauthn:virtualAuthenticators: true}
Session ID: 0fbd91b900df73db034e9ba7b1187158]]>
            </message>
            <full-stacktrace>
              <![CDATA[org.openqa.selenium.NoSuchElementException: no such element: Unable to locate element: {"method":"link text","selector":"prakashpinto34@gmail.com"}
  (Session info: chrome=120.0.6099.225)
For documentation on this error, please visit: https://www.selenium.dev/documentation/webdriver/troubleshooting/errors#no-such-element-exception
Build info: version: '4.12.0', revision: '249f2a7d1b*'
System info: os.name: 'Windows 10', os.arch: 'amd64', os.version: '10.0', java.version: '17.0.7'
Driver info: org.openqa.selenium.chrome.ChromeDriver
Command: [0fbd91b900df73db034e9ba7b1187158, findElement {using=link text, value=prakashpinto34@gmail.com}]
Capabilities {acceptInsecureCerts: false, browserName: chrome, browserVersion: 120.0.6099.225, chrome: {chromedriverVersion: 120.0.6099.109 (3419140ab66..., userDataDir: C:\Users\shrad\AppData\Loca...}, fedcm:accounts: true, goog:chromeOptions: {debuggerAddress: localhost:59808}, networkConnectionEnabled: false, pageLoadStrategy: normal, platformName: windows, proxy: Proxy(), se:cdp: ws://localhost:59808/devtoo..., se:cdpVersion: 120.0.6099.225, setWindowRect: true, strictFileInteractability: false, timeouts: {implicit: 0, pageLoad: 300000, script: 30000}, unhandledPromptBehavior: dismiss and notify, webauthn:extension:credBlob: true, webauthn:extension:largeBlob: true, webauthn:extension:minPinLength: true, webauthn:extension:prf: true, webauthn:virtualAuthenticators: true}
Session ID: 0fbd91b900df73db034e9ba7b1187158
at java.base/jdk.internal.reflect.NativeConstructorAccessorImpl.newInstance0(Native Method)
at java.base/jdk.internal.reflect.NativeConstructorAccessorImpl.newInstance(NativeConstructorAccessorImpl.java:77)
at java.base/jdk.internal.reflect.DelegatingConstructorAccessorImpl.newInstance(DelegatingConstructorAccessorImpl.java:45)
at java.base/java.lang.reflect.Constructor.newInstanceWithCaller(Constructor.java:499)
at java.base/java.lang.reflect.Constructor.newInstance(Constructor.java:480)
at org.openqa.selenium.remote.codec.w3c.W3CHttpResponseCodec.createException(W3CHttpResponseCodec.java:200)
at org.openqa.selenium.remote.codec.w3c.W3CHttpResponseCodec.decode(W3CHttpResponseCodec.java:133)
at org.openqa.selenium.remote.codec.w3c.W3CHttpResponseCodec.decode(W3CHttpResponseCodec.java:52)
at org.openqa.selenium.remote.HttpCommandExecutor.execute(HttpCommandExecutor.java:191)
at org.openqa.selenium.remote.service.DriverCommandExecutor.invokeExecute(DriverCommandExecutor.java:196)
at org.openqa.selenium.remote.service.DriverCommandExecutor.execute(DriverCommandExecutor.java:171)
at org.openqa.selenium.remote.RemoteWebDriver.execute(RemoteWebDriver.java:602)
at org.openqa.selenium.remote.ElementLocation$ElementFinder$2.findElement(ElementLocation.java:165)
at org.openqa.selenium.remote.ElementLocation.findElement(ElementLocation.java:59)
at org.openqa.selenium.remote.RemoteWebDriver.findElement(RemoteWebDriver.java:359)
at org.openqa.selenium.remote.RemoteWebDriver.findElement(RemoteWebDriver.java:353)
at testScript.testcase1.registerFields(testcase1.java:47)
at java.base/jdk.internal.reflect.NativeMethodAccessorImpl.invoke0(Native Method)
at java.base/jdk.internal.reflect.NativeMethodAccessorImpl.invoke(NativeMethodAccessorImpl.java:77)
at java.base/jdk.internal.reflect.DelegatingMethodAccessorImpl.invoke(DelegatingMethodAccessorImpl.java:43)
at java.base/java.lang.reflect.Method.invoke(Method.java:568)
at org.testng.internal.invokers.MethodInvocationHelper.invokeMethod(MethodInvocationHelper.java:139)
at org.testng.internal.invokers.TestInvoker.invokeMethod(TestInvoker.java:677)
at org.testng.internal.invokers.TestInvoker.invokeTestMethod(TestInvoker.java:221)
at org.testng.internal.invokers.MethodRunner.runInSequence(MethodRunner.java:50)
at org.testng.internal.invokers.TestInvoker$MethodInvocationAgent.invoke(TestInvoker.java:969)
at org.testng.internal.invokers.TestInvoker.invokeTestMethods(TestInvoker.java:194)
at org.testng.internal.invokers.TestMethodWorker.invokeTestMethods(TestMethodWorker.java:148)
at org.testng.internal.invokers.TestMethodWorker.run(TestMethodWorker.java:128)
at java.base/java.util.ArrayList.forEach(ArrayList.java:1511)
at org.testng.TestRunner.privateRun(TestRunner.java:829)
at org.testng.TestRunner.run(TestRunner.java:602)
at org.testng.SuiteRunner.runTest(SuiteRunner.java:437)
at org.testng.SuiteRunner.runSequentially(SuiteRunner.java:431)
at org.testng.SuiteRunner.privateRun(SuiteRunner.java:391)
at org.testng.SuiteRunner.run(SuiteRunner.java:330)
at org.testng.SuiteRunnerWorker.runSuite(SuiteRunnerWorker.java:52)
at org.testng.SuiteRunnerWorker.run(SuiteRunnerWorker.java:95)
at org.testng.TestNG.runSuitesSequentially(TestNG.java:1256)
at org.testng.TestNG.runSuitesLocally(TestNG.java:1176)
at org.testng.TestNG.runSuites(TestNG.java:1099)
at org.testng.TestNG.run(TestNG.java:1067)
at org.testng.remote.AbstractRemoteTestNG.run(AbstractRemoteTestNG.java:115)
at org.testng.remote.RemoteTestNG.initAndRun(RemoteTestNG.java:251)
at org.testng.remote.RemoteTestNG.main(RemoteTestNG.java:77)
]]>
            </full-stacktrace>
          </exception> <!-- org.openqa.selenium.NoSuchElementException -->
          <reporter-output>
          </reporter-output>
        </test-method> <!-- registerFields -->
        <test-method is-config="true" signature="checkstatus(java.lang.reflect.Method,org.testng.ITestResult)[pri:0, instance:testScript.testcase1@1d296da]" started-at="2024-01-23T18:18:25 IST" name="checkstatus" finished-at="2024-01-23T18:18:25 IST" duration-ms="254" status="PASS">
          <params>
            <param index="0">
              <value>
                <![CDATA[public void testScript.testcase1.registerFields(java.lang.String,java.lang.String,java.lang.String,java.lang.String,java.lang.String,java.lang.String)]]>
              </value>
            </param>
            <param index="1">
              <value>
                <![CDATA[[TestResult name=registerFields status=FAILURE method=testcase1.registerFields(java.lang.String,java.lang.String,java.lang.String,java.lang.String,java.lang.String,java.lang.String)[pri:0, instance:testScript.testcase1@1d296da] output={null}]]]>
              </value>
            </param>
          </params>
          <reporter-output>
          </reporter-output>
        </test-method> <!-- checkstatus -->
        <test-method is-config="true" signature="methods()[pri:0, instance:testScript.testcase1@1d296da]" started-at="2024-01-23T18:18:25 IST" name="methods" finished-at="2024-01-23T18:18:25 IST" duration-ms="0" status="PASS">
          <reporter-output>
          </reporter-output>
        </test-method> <!-- methods -->
        <test-method signature="registerFields(java.lang.String,java.lang.String,java.lang.String,java.lang.String,java.lang.String,java.lang.String)[pri:0, instance:testScript.testcase1@1d296da]" started-at="2024-01-23T18:18:25 IST" name="registerFields" data-provider="excel" finished-at="2024-01-23T18:18:29 IST" duration-ms="4356" status="PASS">
          <params>
            <param index="0">
              <value>
                <![CDATA[female]]>
              </value>
            </param>
            <param index="1">
              <value>
                <![CDATA[anjali]]>
              </value>
            </param>
            <param index="2">
              <value>
                <![CDATA[prabu]]>
              </value>
            </param>
            <param index="3">
              <value>
                <![CDATA[anjaliprabu34@gmail.com]]>
              </value>
            </param>
            <param index="4">
              <value>
                <![CDATA[anjali]]>
              </value>
            </param>
            <param index="5">
              <value>
                <![CDATA[anjali]]>
              </value>
            </param>
          </params>
          <reporter-output>
          </reporter-output>
        </test-method> <!-- registerFields -->
        <test-method is-config="true" signature="checkstatus(java.lang.reflect.Method,org.testng.ITestResult)[pri:0, instance:testScript.testcase1@1d296da]" started-at="2024-01-23T18:18:29 IST" name="checkstatus" finished-at="2024-01-23T18:18:29 IST" duration-ms="1" status="PASS">
          <params>
            <param index="0">
              <value>
                <![CDATA[public void testScript.testcase1.registerFields(java.lang.String,java.lang.String,java.lang.String,java.lang.String,java.lang.String,java.lang.String)]]>
              </value>
            </param>
            <param index="1">
              <value>
                <![CDATA[[TestResult name=registerFields status=SUCCESS method=testcase1.registerFields(java.lang.String,java.lang.String,java.lang.String,java.lang.String,java.lang.String,java.lang.String)[pri:0, instance:testScript.testcase1@1d296da] output={null}]]]>
              </value>
            </param>
          </params>
          <reporter-output>
          </reporter-output>
        </test-method> <!-- checkstatus -->
        <test-method is-config="true" signature="close()[pri:0, instance:testScript.testcase1@1d296da]" started-at="2024-01-23T18:18:29 IST" name="close" finished-at="2024-01-23T18:18:31 IST" duration-ms="1900" status="PASS">
          <reporter-output>
          </reporter-output>
        </test-method> <!-- close -->
        <test-method is-config="true" signature="disconnectDatabase()[pri:0, instance:testScript.testcase1@1d296da]" started-at="2024-01-23T18:18:31 IST" name="disconnectDatabase" finished-at="2024-01-23T18:18:31 IST" duration-ms="1" status="PASS">
          <reporter-output>
            <line>
              <![CDATA[disconnect data base]]>
            </line>
          </reporter-output>
        </test-method> <!-- disconnectDatabase -->
        <test-method is-config="true" signature="generateExtentReport()[pri:0, instance:testScript.testcase1@1d296da]" started-at="2024-01-23T18:18:31 IST" name="generateExtentReport" finished-at="2024-01-23T18:18:32 IST" duration-ms="813" status="PASS">
          <reporter-output>
          </reporter-output>
        </test-method> <!-- generateExtentReport -->
      </class> <!-- testScript.testcase1 -->
    </test> <!-- Test -->
  </suite> <!-- Suite -->
</testng-results>
